<?xml version="1.0" encoding="UTF-8"?>
<!-- Generated by org.testng.reporters.JUnitReportReporter -->
<testsuite hostname="Alecs-MacBook-Pro.local" failures="0" tests="7" name="pageObjectsTests.LoginToAppFactory" time="64.641" errors="0" timestamp="01 Aug 2021 01:54:05 GMT" skipped="0">
  <testcase classname="pageObjectsTests.LoginToAppFactory" name="loginToApp_incorrectCredentials_failedLogin_COPY1" time="8.608"/>
  <testcase classname="pageObjectsTests.LoginToAppFactory" name="loginToApp_correctCredentials_successfulLogin" time="8.075"/>
  <testcase classname="pageObjectsTests.LoginToAppFactory" name="loginToApp_correctCredentials_successfulLogin_COPY1" time="9.048"/>
  <testcase classname="pageObjectsTests.LoginToAppFactory" name="loginToApp_correctCredentials_successfulLogin_COPY2" time="10.365"/>
  <testcase classname="pageObjectsTests.LoginToAppFactory" name="loginToApp_incorrectCredentials_failedLogin" time="7.763"/>
  <testcase classname="pageObjectsTests.LoginToAppFactory" name="loginToApp_correctCredentials_successfulLogin_COPY3" time="11.434"/>
  <testcase classname="pageObjectsTests.LoginToAppFactory" name="loginToApp_incorrectCredentials_failedLogin_COPY2" time="9.348"/>
</testsuite> <!-- pageObjectsTests.LoginToAppFactory -->
