<?xml version="1.0" encoding="UTF-8"?>
<!-- Generated by org.testng.reporters.JUnitReportReporter -->
<testsuite hostname="Alecs-MacBook-Pro.local" failures="0" tests="11" name="pageObjectsTests.LoginToApp" time="86.321" errors="0" timestamp="01 Aug 2021 01:54:05 GMT" skipped="3">
  <testcase classname="pageObjectsTests.LoginToApp" name="loginToApp_correctCredentials_successfulLogin_COPY1" time="9.607"/>
  <testcase classname="pageObjectsTests.LoginToApp" name="loginToApp_correctCredentials_successfulLogin_COPY3" time="10.751"/>
  <testcase classname="pageObjectsTests.LoginToApp" name="flakyTest" time="7.885"/>
  <testcase classname="pageObjectsTests.LoginToApp" name="loginToApp_incorrectCredentials_failedLogin_COPY1" time="9.057"/>
  <testcase classname="pageObjectsTests.LoginToApp" name="flakyTest" time="7.613">
    <skipped/>
  </testcase> <!-- flakyTest -->
  <testcase classname="pageObjectsTests.LoginToApp" name="loginToApp_incorrectCredentials_failedLogin_COPY3" time="9.074"/>
  <testcase classname="pageObjectsTests.LoginToApp" name="loginToApp_correctCredentials_successfulLogin_COPY2" time="9.713"/>
  <testcase classname="pageObjectsTests.LoginToApp" name="flakyTest" time="5.783">
    <skipped/>
  </testcase> <!-- flakyTest -->
  <testcase classname="pageObjectsTests.LoginToApp" name="loginToApp_incorrectCredentials_failedLogin" time="8.484"/>
  <testcase classname="pageObjectsTests.LoginToApp" name="loginToApp_correctCredentials_successfulLogin" time="8.354"/>
  <testcase classname="pageObjectsTests.LoginToApp" name="loginToApp_incorrectCredentials_failedLogin_COPY2">
    <skipped/>
  </testcase> <!-- loginToApp_incorrectCredentials_failedLogin_COPY2 -->
</testsuite> <!-- pageObjectsTests.LoginToApp -->
