<?xml version="1.0" encoding="UTF-8"?>
<!-- Generated by org.testng.reporters.JUnitReportReporter -->
<testsuite hostname="Alecs-MacBook-Pro.local" failures="0" tests="1" name="pageObjectsTests.PlaylistTests" time="11.547" errors="0" timestamp="01 Aug 2021 05:14:54 GMT" skipped="0">
  <testcase classname="pageObjectsTests.PlaylistTests" name="playlistTests_renameNewPlaylist_playlistRenamed" time="11.547"/>
</testsuite> <!-- pageObjectsTests.PlaylistTests -->
