<?xml version="1.0" encoding="UTF-8"?>
<!-- Generated by org.testng.reporters.JUnitReportReporter -->
<testsuite hostname="Alecs-MacBook-Pro.local" failures="0" tests="11" name="pageObjectsTests.LoginToApp" time="52.104" errors="0" timestamp="01 Aug 2021 05:29:32 GMT" skipped="3">
  <testcase classname="pageObjectsTests.LoginToApp" name="loginToApp_incorrectCredentials_failedLogin" time="5.900"/>
  <testcase classname="pageObjectsTests.LoginToApp" name="loginToApp_incorrectCredentials_failedLogin_COPY3" time="5.023"/>
  <testcase classname="pageObjectsTests.LoginToApp" name="flakyTest" time="2.829"/>
  <testcase classname="pageObjectsTests.LoginToApp" name="loginToApp_correctCredentials_successfulLogin_COPY3" time="6.688"/>
  <testcase classname="pageObjectsTests.LoginToApp" name="flakyTest" time="4.938">
    <skipped/>
  </testcase> <!-- flakyTest -->
  <testcase classname="pageObjectsTests.LoginToApp" name="loginToApp_incorrectCredentials_failedLogin_COPY1" time="5.095"/>
  <testcase classname="pageObjectsTests.LoginToApp" name="flakyTest" time="2.998">
    <skipped/>
  </testcase> <!-- flakyTest -->
  <testcase classname="pageObjectsTests.LoginToApp" name="loginToApp_correctCredentials_successfulLogin_COPY1" time="6.605"/>
  <testcase classname="pageObjectsTests.LoginToApp" name="loginToApp_correctCredentials_successfulLogin_COPY2" time="6.154"/>
  <testcase classname="pageObjectsTests.LoginToApp" name="loginToApp_correctCredentials_successfulLogin" time="5.874"/>
  <testcase classname="pageObjectsTests.LoginToApp" name="loginToApp_incorrectCredentials_failedLogin_COPY2">
    <skipped/>
  </testcase> <!-- loginToApp_incorrectCredentials_failedLogin_COPY2 -->
</testsuite> <!-- pageObjectsTests.LoginToApp -->
