<?xml version="1.0" encoding="UTF-8"?>
<!-- Generated by org.testng.reporters.JUnitReportReporter -->
<testsuite hostname="Alecs-MacBook-Pro.local" failures="0" tests="7" name="pageObjectsTests.LoginToAppFactory" time="44.669" errors="0" timestamp="01 Aug 2021 05:29:32 GMT" skipped="0">
  <testcase classname="pageObjectsTests.LoginToAppFactory" name="loginToApp_correctCredentials_successfulLogin_COPY3" time="7.458"/>
  <testcase classname="pageObjectsTests.LoginToAppFactory" name="loginToApp_correctCredentials_successfulLogin_COPY1" time="6.444"/>
  <testcase classname="pageObjectsTests.LoginToAppFactory" name="loginToApp_incorrectCredentials_failedLogin_COPY1" time="5.304"/>
  <testcase classname="pageObjectsTests.LoginToAppFactory" name="loginToApp_correctCredentials_successfulLogin_COPY2" time="6.243"/>
  <testcase classname="pageObjectsTests.LoginToAppFactory" name="loginToApp_correctCredentials_successfulLogin" time="7.373"/>
  <testcase classname="pageObjectsTests.LoginToAppFactory" name="loginToApp_incorrectCredentials_failedLogin" time="5.272"/>
  <testcase classname="pageObjectsTests.LoginToAppFactory" name="loginToApp_incorrectCredentials_failedLogin_COPY2" time="6.575"/>
</testsuite> <!-- pageObjectsTests.LoginToAppFactory -->
