<?xml version="1.0" encoding="UTF-8"?>
<!-- Generated by org.testng.reporters.JUnitReportReporter -->
<testsuite hostname="Alecs-MacBook-Pro.local" failures="0" tests="8" name="pageObjectsTests.PlaylistTests" time="66.089" errors="0" timestamp="01 Aug 2021 05:29:32 GMT" skipped="0">
  <testcase classname="pageObjectsTests.PlaylistTests" name="playlistTests_createNewPlaylist_playlistCreated_COPY3" time="5.488"/>
  <testcase classname="pageObjectsTests.PlaylistTests" name="playlistTests_renameNewPlaylist_playlistRenamed_COPY3" time="8.444"/>
  <testcase classname="pageObjectsTests.PlaylistTests" name="playlistTests_createNewPlaylist_playlistCreated" time="8.249"/>
  <testcase classname="pageObjectsTests.PlaylistTests" name="playlistTests_renameNewPlaylist_playlistRenamed_COPY1" time="8.798"/>
  <testcase classname="pageObjectsTests.PlaylistTests" name="playlistTests_renameNewPlaylist_playlistRenamed_COPY2" time="7.054"/>
  <testcase classname="pageObjectsTests.PlaylistTests" name="playlistTests_createNewPlaylist_playlistCreated_COPY1" time="9.344"/>
  <testcase classname="pageObjectsTests.PlaylistTests" name="playlistTests_renameNewPlaylist_playlistRenamed" time="8.261"/>
  <testcase classname="pageObjectsTests.PlaylistTests" name="playlistTests_createNewPlaylist_playlistCreated_COPY2" time="10.451"/>
</testsuite> <!-- pageObjectsTests.PlaylistTests -->
